
 __________________________________________________________________________
 Running FIELD
 Sums modes, producing pressure

 Point source
 Omnidirectional source
 Coherent mode addition

 __________________________________________________________________________

    Number of Profile ranges, RProf =            1
    Profile ranges, RProf (km)
                 0.00000    

 Range-independent calculation

 __________________________________________________________________________

    Number of Receiver r-coordinates, Rr =         1001
    Receiver r-coordinates, Rr (km)
                 0.00000      0.200000E-01  0.400000E-01  0.600000E-01
  0.800000E-01  0.100000      0.120000      0.140000      0.160000    
  0.180000    
          ... 
   20.0000    


 __________________________________________________________________________

    Number of Source   z-coordinates, Sz =            1
    Source   z-coordinates, Sz (m)
                 4.00000    


 __________________________________________________________________________

    Number of Receiver z-coordinates, Rz =         1501
    Receiver z-coordinates, Rz (m)
                 0.00000       1.00000       2.00000       3.00000    
   4.00000       5.00000       6.00000       7.00000       8.00000    
   9.00000    
          ... 
   1500.00    


 __________________________________________________________________________

    Number of receiver range offsets (array tilt), Rro =         1501
    receiver range offsets (array tilt), Rro (m)
                 0.00000       0.00000       0.00000       0.00000    
   0.00000       0.00000       0.00000       0.00000       0.00000    
   0.00000    
          ... 
   0.00000    


 Field completed successfully
