 _________________________________________________

 KRAKENC-TEST                                                                    
 Nominal Frequency =   25.00    Hz
 NMedia    =   1


     C-Linear approximation to SSP
     Attenuation units: dB/mkHz
     VACUUM

       ( # mesh points =     0  RMS roughness =   0.00     m )

 Sound speed profile:
      z         alphaR      betaR     rho        alphaI     betaI
     (m)         (m/s)      (m/s)   (g/cm^3)      (m/s)     (m/s)

      0.00      1500.00      0.00     1.00       0.0000    0.0000
   1000.00      1520.00      0.00     1.00       0.0000    0.0000
   1500.00      1563.00      0.00     1.00       0.0000    0.0000
       ( # mesh points =   479  automatically calculated     )

                              ( RMS roughness =   0.00     m )
     Perfectly RIGID

 cLow =   1450.0     m/s      cHigh =   1800.0     m/s
 RMax =   20.000     km

 __________________________________________________________________________

    Number of Source   z-coordinates, Sz =            1
    Source   z-coordinates, Sz (m)
                 4.00000    


 __________________________________________________________________________

    Number of Receiver z-coordinates, Rz =         1501
    Receiver z-coordinates, Rz (m)
                 0.00000       1.00000       2.00000       3.00000    
   4.00000       5.00000       6.00000       7.00000       8.00000    
   9.00000    
          ... 
   1500.00    


 Mesh multiplier   CPU seconds
 Max. number of restarts in root finder, MaxTries =            1
        1            0.454E-02s
 Max. number of restarts in root finder, MaxTries =            1
        2            0.234E-02s

    I       k             alpha     Phase Speed     Group Speed
          (1/m)           (1/m)        (m/s)           (m/s)
    1  0.1042286087       0.0       1507.068306       1502.36    
    2  0.1038619258       0.0       1512.388987       1504.12    
    3  0.1035611407       0.0       1516.781601       1505.39    
    4  0.1032800986       0.0       1520.909011       1504.93    
    5  0.1029688690       0.0       1525.506050       1501.99    
    6  0.1026058300       0.0       1530.903582       1498.83    
    7  0.1022113134       0.0       1536.812584       1497.60    
    8  0.1018178114       0.0       1542.752004       1498.05    
    9  0.1014242971       0.0       1548.737701       1497.98    
   10  0.1010409710       0.0       1554.613253       1502.31    
   11  0.1006829964       0.0       1560.140623       1502.43    
   12  0.1002863521       0.0       1566.311162       1491.65    
   13  0.9981237130E-01   0.0       1573.749132       1478.62    
   14  0.9926859209E-01   0.0       1582.369905       1468.02    
   15  0.9866976588E-01   0.0       1591.973299       1457.45    
   16  0.9801398053E-01   0.0       1602.624767       1446.75    
   17  0.9730736150E-01   0.0       1614.262583       1435.72    
   18  0.9654708203E-01   0.0       1626.974419       1423.85    
   19  0.9573233511E-01   0.0       1640.821072       1411.54    
   20  0.9486477495E-01   0.0       1655.826757       1398.43    
   21  0.9394010439E-01   0.0       1672.125379       1384.52    
   22  0.9295856528E-01   0.0       1689.781164       1369.94    
   23  0.9191903262E-01   0.0       1708.891273       1354.45    
   24  0.9081755786E-01   0.0       1729.617448       1338.12    
   25  0.8965392037E-01   0.0       1752.066525       1320.96    
   26  0.8842527186E-01   0.0       1776.411080       1302.80    
 _________________________________________________

 End of environmental file
